[LOG] SystemI::init                            : FMOD Studio Version: 00010705 (71238)
[LOG] SystemI::init                            : maxchannels = 128, flags = 00020000, extradriverdata = 0000000000000000
[LOG] SystemI::close                           : 
[LOG] SystemI::close                           : Stop all sounds
[LOG] SystemI::close                           : Remove miscllaneous DSP stuff.
[LOG] SystemI::close                           : done.

[LOG] OutputWASAPI::init                       : Mix Format (WAVEFORMATEX): wFormatTag=0xFFFE, nChannels=2, nSamplesPerSec=48000, nAvgBytesPerSec=384000, nBlockAlign=8, wBitsPerSample=32, cbSize=22.
[LOG] OutputWASAPI::init                       : Mix Format (WAVEFORMATEXTENSIBLE): wValidBitsPerSample=32, dwChannelMask=0x00000003, SubFormat=00000003-0000-0010-8000-00AA00389B71.
[LOG] Thread::initThread                       : Initializing FMOD (WASAPI) feeder thread.  priority 0
[LOG] Thread::initThread                       : - Stacksize 0.  Stack pointer 0000000000000000 : usesemaphore = 0 : sleeptime = 0
[LOG] Thread::callback                         : * FMOD (WASAPI) feeder thread started
[LOG] Thread::initThread                       : Initializing FMOD mixer thread.  priority 2
[LOG] OutputWASAPI::feederUpdate               : WASAPI feeder thread set to 'Audio' characteristic
[LOG] Thread::initThread                       : - Stacksize 49152.  Stack pointer 0000000000000000 : usesemaphore = 1 : sleeptime = 0
[LOG] Thread::callback                         : * FMOD mixer thread started
[LOG] SystemI::init                            : Set up emulated output
[LOG] SystemI::init                            : create the channel pool
[LOG] SystemI::init                            : Set up streamer
[LOG] Thread::initThread                       : Initializing FMOD stream thread.  priority 2
[LOG] Thread::initThread                       : - Stacksize 65536.  Stack pointer 0000000000000000 : usesemaphore = 0 : sleeptime = 10
[LOG] Thread::callback                         : * FMOD stream thread started
[LOG] Thread::initThread                       : Initializing FMOD Studio update thread.  priority 0
[LOG] Thread::initThread                       : - Stacksize 65536.  Stack pointer 0000000000000000 : usesemaphore = 0 : sleeptime = 1
[LOG] Thread::callback                         : * FMOD Studio update thread started
[LOG] Thread::initThread                       : Initializing FMOD Studio load thread.  priority 0
[LOG] Thread::initThread                       : - Stacksize 65536.  Stack pointer 0000000000000000 : usesemaphore = 0 : sleeptime = 1
[LOG] Thread::callback                         : * FMOD Studio load thread started
[LOG] Manager::readBank                        : fileversion = 68, compatVersion = 68 (oldest = 44, newest = 68)
[LOG] Manager::readBank                        : fileversion = 68, compatVersion = 68 (oldest = 44, newest = 68)
[LOG] Manager::readBank                        : fileversion = 68, compatVersion = 68 (oldest = 44, newest = 68)
[LOG] Manager::readBank                        : fileversion = 68, compatVersion = 68 (oldest = 44, newest = 68)
[LOG] Manager::readBank                        : fileversion = 68, compatVersion = 68 (oldest = 44, newest = 68)
[LOG] Manager::readBank                        : fileversion = 68, compatVersion = 68 (oldest = 44, newest = 68)
[LOG] SystemI::createSound                     : filename = Z:\School\2016 Spring\DysonSphere\Audio\Build\Desktop/Character.bank : mode 0a010202
[LOG] SystemI::createSound                     : FMOD_NONBLOCKING specified.  Putting into queue to be opened asynchronously!
[LOG] OutputSoftware::createSample             : lengthpcm 0, lengthbytes 0, channels 0, format 0, freq 0, mode 00000000
[LOG] Thread::initThread                       : Initializing FMOD nonblocking thread (0).  priority 1
[LOG] Thread::initThread                       : - Stacksize 81920.  Stack pointer 0000000000000000 : usesemaphore = 1 : sleeptime = 0
[LOG] Thread::callback                         : * FMOD nonblocking thread (0) started
[LOG] SystemI::createSound                     : setdata soundi = 0000000013ABA738 : node = 000000000FFA6520
[LOG] SystemI::createSound                     : add node to async list : head = 000000000FFB1790.  list count = 0
[LOG] AsyncThread::threadFunc                  : Starting Asynchronous operation on sound 0000000013ABA738
[LOG] SystemI::createSoundInternal             :     filename = Z:\School\2016 Spring\DysonSphere\Audio\Build\Desktop/Character.bank : mode 0a010202
[LOG] SystemI::createSoundInternal             :     exinfo->cbsize             = 216
[LOG] SystemI::createSoundInternal             :     exinfo->length             = 38464
[LOG] SystemI::createSoundInternal             :     exinfo->fileoffset         = 9024
[LOG] SystemI::createSoundInternal             :     exinfo->numsubsounds       = 1
[LOG] SystemI::createSoundInternal             :     exinfo->inclusionlist      = 000000000FFA6628
[LOG] SystemI::createSoundInternal             :     exinfo->inclusionlistnum   = 1
[LOG] SystemI::createSoundInternal             :     exinfo->suggestedsoundtype = 5
[LOG] SystemI::createSoundInternal             :     exinfo->initialseekpostype = 1
[LOG] SystemI::createSoundInternal             :     Format has 1 subsounds.
[LOG] SystemI::createSoundInternal             :     Create as FMOD_CREATESAMPLE
[LOG] SystemI::createSoundInternal             :     Multi-sample sound (1 subsounds), create a sample container.
[LOG] SystemI::createSoundInternal             :     creating subsound 0/1
[LOG] SystemI::createSample                    :     mode 0a010202 length 58650 samples, lengthbytes 11936
[LOG] SystemI::createSample                    :     channels = 2
[LOG] SystemI::createSample                    :     output = 0000000013ABA418
[LOG] OutputSoftware::createSample             :     lengthpcm 58650, lengthbytes 11936, channels 2, format 2, freq 48000, mode 0a01020a
[LOG] SystemI::createSoundInternal             :     done.  OpenState now = FMOD_OPENSTATE_READY.

[LOG] AsyncThread::threadFunc                  : Finished Asynchronous operation on sound 0000000013ABA738
[WRN] SoundSourceInstrumentInstance::startChannelIfReady : Loading delay exceeded, sound may play at incorrect time
[LOG] SoundI::release                          : (null) (0000000013ABA738)
[LOG] SoundI::release                          : release subsounds. (0000000013ABA738)
[LOG] SoundI::release                          :     (null) (0000000013ABAF08)
[LOG] SoundI::release                          : release codec. (0000000013ABA738)
[LOG] SystemI::createSound                     : filename = Z:\School\2016 Spring\DysonSphere\Audio\Build\Desktop/Character.bank : mode 0a010202
[LOG] SystemI::createSound                     : FMOD_NONBLOCKING specified.  Putting into queue to be opened asynchronously!
[LOG] OutputSoftware::createSample             : lengthpcm 0, lengthbytes 0, channels 0, format 0, freq 0, mode 00000000
[LOG] SystemI::createSound                     : setdata soundi = 0000000013ABA288 : node = 000000000FFA6020
[LOG] SystemI::createSound                     : add node to async list : head = 000000000FFB1790.  list count = 0
[LOG] AsyncThread::threadFunc                  : Starting Asynchronous operation on sound 0000000013ABA288
[LOG] SystemI::createSoundInternal             :     filename = Z:\School\2016 Spring\DysonSphere\Audio\Build\Desktop/Character.bank : mode 0a010202
[LOG] SystemI::createSoundInternal             :     exinfo->cbsize             = 216
[LOG] SystemI::createSoundInternal             :     exinfo->length             = 38464
[LOG] SystemI::createSoundInternal             :     exinfo->fileoffset         = 9024
[LOG] SystemI::createSoundInternal             :     exinfo->numsubsounds       = 1
[LOG] SystemI::createSoundInternal             :     exinfo->inclusionlist      = 000000000FFA6128
[LOG] SystemI::createSoundInternal             :     exinfo->inclusionlistnum   = 1
[LOG] SystemI::createSoundInternal             :     exinfo->suggestedsoundtype = 5
[LOG] SystemI::createSoundInternal             :     exinfo->initialseekpostype = 1
[LOG] SystemI::createSoundInternal             :     Format has 1 subsounds.
[LOG] SystemI::createSoundInternal             :     Create as FMOD_CREATESAMPLE
[LOG] SystemI::createSoundInternal             :     Multi-sample sound (1 subsounds), create a sample container.
[LOG] SystemI::createSoundInternal             :     creating subsound 0/1
[LOG] SystemI::createSample                    :     mode 0a010202 length 58650 samples, lengthbytes 11936
[LOG] SystemI::createSample                    :     channels = 2
[LOG] SystemI::createSample                    :     output = 0000000013ABA418
[LOG] OutputSoftware::createSample             :     lengthpcm 58650, lengthbytes 11936, channels 2, format 2, freq 48000, mode 0a01020a
[LOG] SystemI::createSoundInternal             :     done.  OpenState now = FMOD_OPENSTATE_READY.

[LOG] AsyncThread::threadFunc                  : Finished Asynchronous operation on sound 0000000013ABA288
[WRN] SoundSourceInstrumentInstance::startChannelIfReady : Loading delay exceeded, sound may play at incorrect time
[LOG] SoundI::release                          : (null) (0000000013ABA288)
[LOG] SoundI::release                          : release subsounds. (0000000013ABA288)
[LOG] SoundI::release                          :     (null) (0000000013ABAF08)
[LOG] SoundI::release                          : release codec. (0000000013ABA288)
[LOG] SystemI::createSound                     : filename = Z:\School\2016 Spring\DysonSphere\Audio\Build\Desktop/Character.bank : mode 0a010202
[LOG] SystemI::createSound                     : FMOD_NONBLOCKING specified.  Putting into queue to be opened asynchronously!
[LOG] OutputSoftware::createSample             : lengthpcm 0, lengthbytes 0, channels 0, format 0, freq 0, mode 00000000
[LOG] SystemI::createSound                     : setdata soundi = 0000000013ABB098 : node = 000000000FFA5EE0
[LOG] SystemI::createSound                     : add node to async list : head = 000000000FFB1790.  list count = 0
[LOG] AsyncThread::threadFunc                  : Starting Asynchronous operation on sound 0000000013ABB098
[LOG] SystemI::createSoundInternal             :     filename = Z:\School\2016 Spring\DysonSphere\Audio\Build\Desktop/Character.bank : mode 0a010202
[LOG] SystemI::createSoundInternal             :     exinfo->cbsize             = 216
[LOG] SystemI::createSoundInternal             :     exinfo->length             = 38464
[LOG] SystemI::createSoundInternal             :     exinfo->fileoffset         = 9024
[LOG] SystemI::createSoundInternal             :     exinfo->numsubsounds       = 1
[LOG] SystemI::createSoundInternal             :     exinfo->inclusionlist      = 000000000FFA5FE8
[LOG] SystemI::createSoundInternal             :     exinfo->inclusionlistnum   = 1
[LOG] SystemI::createSoundInternal             :     exinfo->suggestedsoundtype = 5
[LOG] SystemI::createSoundInternal             :     exinfo->initialseekpostype = 1
[LOG] SystemI::createSoundInternal             :     Format has 1 subsounds.
[LOG] SystemI::createSoundInternal             :     Create as FMOD_CREATESAMPLE
[LOG] SystemI::createSoundInternal             :     Multi-sample sound (1 subsounds), create a sample container.
[LOG] SystemI::createSoundInternal             :     creating subsound 0/1
[LOG] SystemI::createSample                    :     mode 0a010202 length 48000 samples, lengthbytes 5632
[LOG] SystemI::createSample                    :     channels = 2
[LOG] SystemI::createSample                    :     output = 0000000013ABA418
[LOG] OutputSoftware::createSample             :     lengthpcm 48000, lengthbytes 5632, channels 2, format 2, freq 48000, mode 0a01020a
[LOG] SystemI::createSoundInternal             :     done.  OpenState now = FMOD_OPENSTATE_READY.

[LOG] AsyncThread::threadFunc                  : Finished Asynchronous operation on sound 0000000013ABB098
[WRN] SoundSourceInstrumentInstance::startChannelIfReady : Loading delay exceeded, sound may play at incorrect time
[LOG] SystemI::createSound                     : filename = Z:\School\2016 Spring\DysonSphere\Audio\Build\Desktop/Character.bank : mode 0a010202
[LOG] SystemI::createSound                     : FMOD_NONBLOCKING specified.  Putting into queue to be opened asynchronously!
[LOG] OutputSoftware::createSample             : lengthpcm 0, lengthbytes 0, channels 0, format 0, freq 0, mode 00000000
[LOG] SystemI::createSound                     : setdata soundi = 0000000013ABABE8 : node = 000000000FFA5260
[LOG] SystemI::createSound                     : add node to async list : head = 000000000FFB1790.  list count = 0
[LOG] AsyncThread::threadFunc                  : Starting Asynchronous operation on sound 0000000013ABABE8
[LOG] SystemI::createSoundInternal             :     filename = Z:\School\2016 Spring\DysonSphere\Audio\Build\Desktop/Character.bank : mode 0a010202
[LOG] SystemI::createSoundInternal             :     exinfo->cbsize             = 216
[LOG] SystemI::createSoundInternal             :     exinfo->length             = 38464
[LOG] SystemI::createSoundInternal             :     exinfo->fileoffset         = 9024
[LOG] SystemI::createSoundInternal             :     exinfo->numsubsounds       = 1
[LOG] SystemI::createSoundInternal             :     exinfo->inclusionlist      = 000000000FFA5368
[LOG] SystemI::createSoundInternal             :     exinfo->inclusionlistnum   = 1
[LOG] SystemI::createSoundInternal             :     exinfo->suggestedsoundtype = 5
[LOG] SystemI::createSoundInternal             :     exinfo->initialseekpostype = 1
[LOG] SystemI::createSoundInternal             :     Format has 1 subsounds.
[LOG] SystemI::createSoundInternal             :     Create as FMOD_CREATESAMPLE
[LOG] SystemI::createSoundInternal             :     Multi-sample sound (1 subsounds), create a sample container.
[LOG] SystemI::createSoundInternal             :     creating subsound 0/1
[LOG] SystemI::createSample                    :     mode 0a010202 length 58650 samples, lengthbytes 11936
[LOG] SystemI::createSample                    :     channels = 2
[LOG] SystemI::createSample                    :     output = 0000000013ABA418
[LOG] OutputSoftware::createSample             :     lengthpcm 58650, lengthbytes 11936, channels 2, format 2, freq 48000, mode 0a01020a
[LOG] SystemI::createSoundInternal             :     done.  OpenState now = FMOD_OPENSTATE_READY.

[LOG] AsyncThread::threadFunc                  : Finished Asynchronous operation on sound 0000000013ABABE8
[WRN] SoundSourceInstrumentInstance::startChannelIfReady : Loading delay exceeded, sound may play at incorrect time
[LOG] SoundI::release                          : (null) (0000000013ABB098)
[LOG] SoundI::release                          : release subsounds. (0000000013ABB098)
[LOG] SoundI::release                          :     (null) (0000000013ABA288)
[LOG] SoundI::release                          : release codec. (0000000013ABB098)
[LOG] SoundI::release                          : (null) (0000000013ABABE8)
[LOG] SoundI::release                          : release subsounds. (0000000013ABABE8)
[LOG] SoundI::release                          :     (null) (0000000013ABA738)
[LOG] SoundI::release                          : release codec. (0000000013ABABE8)
[LOG] SystemI::createSound                     : filename = Z:\School\2016 Spring\DysonSphere\Audio\Build\Desktop/Character.bank : mode 0a010202
[LOG] SystemI::createSound                     : FMOD_NONBLOCKING specified.  Putting into queue to be opened asynchronously!
[LOG] OutputSoftware::createSample             : lengthpcm 0, lengthbytes 0, channels 0, format 0, freq 0, mode 00000000
[LOG] SystemI::createSound                     : setdata soundi = 0000000013ABA8C8 : node = 000000000FFA63E0
[LOG] SystemI::createSound                     : add node to async list : head = 000000000FFB1790.  list count = 0
[LOG] AsyncThread::threadFunc                  : Starting Asynchronous operation on sound 0000000013ABA8C8
[LOG] SystemI::createSoundInternal             :     filename = Z:\School\2016 Spring\DysonSphere\Audio\Build\Desktop/Character.bank : mode 0a010202
[LOG] SystemI::createSoundInternal             :     exinfo->cbsize             = 216
[LOG] SystemI::createSoundInternal             :     exinfo->length             = 38464
[LOG] SystemI::createSoundInternal             :     exinfo->fileoffset         = 9024
[LOG] SystemI::createSoundInternal             :     exinfo->numsubsounds       = 1
[LOG] SystemI::createSoundInternal             :     exinfo->inclusionlist      = 000000000FFA64E8
[LOG] SystemI::createSoundInternal             :     exinfo->inclusionlistnum   = 1
[LOG] SystemI::createSoundInternal             :     exinfo->suggestedsoundtype = 5
[LOG] SystemI::createSoundInternal             :     exinfo->initialseekpostype = 1
[LOG] SystemI::createSoundInternal             :     Format has 1 subsounds.
[LOG] SystemI::createSoundInternal             :     Create as FMOD_CREATESAMPLE
[LOG] SystemI::createSoundInternal             :     Multi-sample sound (1 subsounds), create a sample container.
[LOG] SystemI::createSoundInternal             :     creating subsound 0/1
[LOG] SystemI::createSample                    :     mode 0a010202 length 58650 samples, lengthbytes 11936
[LOG] SystemI::createSample                    :     channels = 2
[LOG] SystemI::createSample                    :     output = 0000000013ABA418
[LOG] OutputSoftware::createSample             :     lengthpcm 58650, lengthbytes 11936, channels 2, format 2, freq 48000, mode 0a01020a
[LOG] SystemI::createSoundInternal             :     done.  OpenState now = FMOD_OPENSTATE_READY.

[LOG] AsyncThread::threadFunc                  : Finished Asynchronous operation on sound 0000000013ABA8C8
[WRN] SoundSourceInstrumentInstance::startChannelIfReady : Loading delay exceeded, sound may play at incorrect time
[LOG] SoundI::release                          : (null) (0000000013ABA8C8)
[LOG] SoundI::release                          : release subsounds. (0000000013ABA8C8)
[LOG] SoundI::release                          :     (null) (0000000013ABABE8)
[LOG] SoundI::release                          : release codec. (0000000013ABA8C8)
[LOG] SystemI::createSound                     : filename = Z:\School\2016 Spring\DysonSphere\Audio\Build\Desktop/Character.bank : mode 0a010202
[LOG] SystemI::createSound                     : FMOD_NONBLOCKING specified.  Putting into queue to be opened asynchronously!
[LOG] OutputSoftware::createSample             : lengthpcm 0, lengthbytes 0, channels 0, format 0, freq 0, mode 00000000
[LOG] SystemI::createSound                     : setdata soundi = 0000000013ABAD78 : node = 000000000FFA5260
[LOG] SystemI::createSound                     : add node to async list : head = 000000000FFB1790.  list count = 0
[LOG] AsyncThread::threadFunc                  : Starting Asynchronous operation on sound 0000000013ABAD78
[LOG] SystemI::createSoundInternal             :     filename = Z:\School\2016 Spring\DysonSphere\Audio\Build\Desktop/Character.bank : mode 0a010202
[LOG] SystemI::createSoundInternal             :     exinfo->cbsize             = 216
[LOG] SystemI::createSoundInternal             :     exinfo->length             = 38464
[LOG] SystemI::createSoundInternal             :     exinfo->fileoffset         = 9024
[LOG] SystemI::createSoundInternal             :     exinfo->numsubsounds       = 1
[LOG] SystemI::createSoundInternal             :     exinfo->inclusionlist      = 000000000FFA5368
[LOG] SystemI::createSoundInternal             :     exinfo->inclusionlistnum   = 1
[LOG] SystemI::createSoundInternal             :     exinfo->suggestedsoundtype = 5
[LOG] SystemI::createSoundInternal             :     exinfo->initialseekpostype = 1
[LOG] SystemI::createSoundInternal             :     Format has 1 subsounds.
[LOG] SystemI::createSoundInternal             :     Create as FMOD_CREATESAMPLE
[LOG] SystemI::createSoundInternal             :     Multi-sample sound (1 subsounds), create a sample container.
[LOG] SystemI::createSoundInternal             :     creating subsound 0/1
[LOG] SystemI::createSample                    :     mode 0a010202 length 58650 samples, lengthbytes 11936
[LOG] SystemI::createSample                    :     channels = 2
[LOG] SystemI::createSample                    :     output = 0000000013ABA418
[LOG] OutputSoftware::createSample             :     lengthpcm 58650, lengthbytes 11936, channels 2, format 2, freq 48000, mode 0a01020a
[LOG] SystemI::createSoundInternal             :     done.  OpenState now = FMOD_OPENSTATE_READY.

[LOG] AsyncThread::threadFunc                  : Finished Asynchronous operation on sound 0000000013ABAD78
[WRN] SoundSourceInstrumentInstance::startChannelIfReady : Loading delay exceeded, sound may play at incorrect time
[LOG] SoundI::release                          : (null) (0000000013ABAD78)
[LOG] SoundI::release                          : release subsounds. (0000000013ABAD78)
[LOG] SoundI::release                          :     (null) (0000000013ABA738)
[LOG] SoundI::release                          : release codec. (0000000013ABAD78)
[LOG] SystemI::createSound                     : filename = Z:\School\2016 Spring\DysonSphere\Audio\Build\Desktop/Character.bank : mode 0a010202
[LOG] SystemI::createSound                     : FMOD_NONBLOCKING specified.  Putting into queue to be opened asynchronously!
[LOG] OutputSoftware::createSample             : lengthpcm 0, lengthbytes 0, channels 0, format 0, freq 0, mode 00000000
[LOG] SystemI::createSound                     : setdata soundi = 0000000013ABAF08 : node = 000000000FFA6520
[LOG] SystemI::createSound                     : add node to async list : head = 000000000FFB1790.  list count = 0
[LOG] AsyncThread::threadFunc                  : Starting Asynchronous operation on sound 0000000013ABAF08
[LOG] SystemI::createSoundInternal             :     filename = Z:\School\2016 Spring\DysonSphere\Audio\Build\Desktop/Character.bank : mode 0a010202
[LOG] SystemI::createSoundInternal             :     exinfo->cbsize             = 216
[LOG] SystemI::createSoundInternal             :     exinfo->length             = 38464
[LOG] SystemI::createSoundInternal             :     exinfo->fileoffset         = 9024
[LOG] SystemI::createSoundInternal             :     exinfo->numsubsounds       = 1
[LOG] SystemI::createSoundInternal             :     exinfo->inclusionlist      = 000000000FFA6628
[LOG] SystemI::createSoundInternal             :     exinfo->inclusionlistnum   = 1
[LOG] SystemI::createSoundInternal             :     exinfo->suggestedsoundtype = 5
[LOG] SystemI::createSoundInternal             :     exinfo->initialseekpostype = 1
[LOG] SystemI::createSoundInternal             :     Format has 1 subsounds.
[LOG] SystemI::createSoundInternal             :     Create as FMOD_CREATESAMPLE
[LOG] SystemI::createSoundInternal             :     Multi-sample sound (1 subsounds), create a sample container.
[LOG] SystemI::createSoundInternal             :     creating subsound 0/1
[LOG] SystemI::createSample                    :     mode 0a010202 length 58650 samples, lengthbytes 11936
[LOG] SystemI::createSample                    :     channels = 2
[LOG] SystemI::createSample                    :     output = 0000000013ABA418
[LOG] OutputSoftware::createSample             :     lengthpcm 58650, lengthbytes 11936, channels 2, format 2, freq 48000, mode 0a01020a
[LOG] SystemI::createSoundInternal             :     done.  OpenState now = FMOD_OPENSTATE_READY.

[LOG] AsyncThread::threadFunc                  : Finished Asynchronous operation on sound 0000000013ABAF08
[WRN] SoundSourceInstrumentInstance::startChannelIfReady : Loading delay exceeded, sound may play at incorrect time
[LOG] SoundI::release                          : (null) (0000000013ABAF08)
[LOG] SoundI::release                          : release subsounds. (0000000013ABAF08)
[LOG] SoundI::release                          :     (null) (0000000013ABB098)
[LOG] SoundI::release                          : release codec. (0000000013ABAF08)
[LOG] SystemI::createSound                     : filename = Z:\School\2016 Spring\DysonSphere\Audio\Build\Desktop/Character.bank : mode 0a010202
[LOG] SystemI::createSound                     : FMOD_NONBLOCKING specified.  Putting into queue to be opened asynchronously!
[LOG] OutputSoftware::createSample             : lengthpcm 0, lengthbytes 0, channels 0, format 0, freq 0, mode 00000000
[LOG] SystemI::createSound                     : setdata soundi = 0000000013ABA738 : node = 000000000FFA5120
[LOG] SystemI::createSound                     : add node to async list : head = 000000000FFB1790.  list count = 0
[LOG] AsyncThread::threadFunc                  : Starting Asynchronous operation on sound 0000000013ABA738
[LOG] SystemI::createSoundInternal             :     filename = Z:\School\2016 Spring\DysonSphere\Audio\Build\Desktop/Character.bank : mode 0a010202
[LOG] SystemI::createSoundInternal             :     exinfo->cbsize             = 216
[LOG] SystemI::createSoundInternal             :     exinfo->length             = 38464
[LOG] SystemI::createSoundInternal             :     exinfo->fileoffset         = 9024
[LOG] SystemI::createSoundInternal             :     exinfo->numsubsounds       = 1
[LOG] SystemI::createSoundInternal             :     exinfo->inclusionlist      = 000000000FFA5228
[LOG] SystemI::createSoundInternal             :     exinfo->inclusionlistnum   = 1
[LOG] SystemI::createSoundInternal             :     exinfo->suggestedsoundtype = 5
[LOG] SystemI::createSoundInternal             :     exinfo->initialseekpostype = 1
[LOG] SystemI::createSoundInternal             :     Format has 1 subsounds.
[LOG] SystemI::createSoundInternal             :     Create as FMOD_CREATESAMPLE
[LOG] SystemI::createSoundInternal             :     Multi-sample sound (1 subsounds), create a sample container.
[LOG] SystemI::createSoundInternal             :     creating subsound 0/1
[LOG] SystemI::createSample                    :     mode 0a010202 length 36352 samples, lengthbytes 5760
[LOG] SystemI::createSample                    :     channels = 2
[LOG] SystemI::createSample                    :     output = 0000000013ABA418
[LOG] OutputSoftware::createSample             :     lengthpcm 36352, lengthbytes 5760, channels 2, format 2, freq 48000, mode 0a01020a
[LOG] SystemI::createSoundInternal             :     done.  OpenState now = FMOD_OPENSTATE_READY.

[LOG] AsyncThread::threadFunc                  : Finished Asynchronous operation on sound 0000000013ABA738
[WRN] SoundSourceInstrumentInstance::startChannelIfReady : Loading delay exceeded, sound may play at incorrect time
[LOG] SystemI::createSound                     : filename = Z:\School\2016 Spring\DysonSphere\Audio\Build\Desktop/Character.bank : mode 0a010202
[LOG] SystemI::createSound                     : FMOD_NONBLOCKING specified.  Putting into queue to be opened asynchronously!
[LOG] OutputSoftware::createSample             : lengthpcm 0, lengthbytes 0, channels 0, format 0, freq 0, mode 00000000
[LOG] SystemI::createSound                     : setdata soundi = 0000000013ABABE8 : node = 000000000FFA63E0
[LOG] SystemI::createSound                     : add node to async list : head = 000000000FFB1790.  list count = 0
[LOG] AsyncThread::threadFunc                  : Starting Asynchronous operation on sound 0000000013ABABE8
[LOG] SystemI::createSoundInternal             :     filename = Z:\School\2016 Spring\DysonSphere\Audio\Build\Desktop/Character.bank : mode 0a010202
[LOG] SystemI::createSoundInternal             :     exinfo->cbsize             = 216
[LOG] SystemI::createSoundInternal             :     exinfo->length             = 38464
[LOG] SystemI::createSoundInternal             :     exinfo->fileoffset         = 9024
[LOG] SystemI::createSoundInternal             :     exinfo->numsubsounds       = 1
[LOG] SystemI::createSoundInternal             :     exinfo->inclusionlist      = 000000000FFA64E8
[LOG] SystemI::createSoundInternal             :     exinfo->inclusionlistnum   = 1
[LOG] SystemI::createSoundInternal             :     exinfo->suggestedsoundtype = 5
[LOG] SystemI::createSoundInternal             :     exinfo->initialseekpostype = 1
[LOG] SystemI::createSoundInternal             :     Format has 1 subsounds.
[LOG] SystemI::createSoundInternal             :     Create as FMOD_CREATESAMPLE
[LOG] SystemI::createSoundInternal             :     Multi-sample sound (1 subsounds), create a sample container.
[LOG] SystemI::createSoundInternal             :     creating subsound 0/1
[LOG] SystemI::createSample                    :     mode 0a010202 length 58650 samples, lengthbytes 11936
[LOG] SystemI::createSample                    :     channels = 2
[LOG] SystemI::createSample                    :     output = 0000000013ABA418
[LOG] OutputSoftware::createSample             :     lengthpcm 58650, lengthbytes 11936, channels 2, format 2, freq 48000, mode 0a01020a
[LOG] SystemI::createSoundInternal             :     done.  OpenState now = FMOD_OPENSTATE_READY.

[LOG] AsyncThread::threadFunc                  : Finished Asynchronous operation on sound 0000000013ABABE8
[WRN] SoundSourceInstrumentInstance::startChannelIfReady : Loading delay exceeded, sound may play at incorrect time
[LOG] SoundI::release                          : (null) (0000000013ABABE8)
[LOG] SoundI::release                          : release subsounds. (0000000013ABABE8)
[LOG] SoundI::release                          :     (null) (0000000013ABAF08)
[LOG] SoundI::release                          : release codec. (0000000013ABABE8)
[LOG] SystemI::createSound                     : filename = Z:\School\2016 Spring\DysonSphere\Audio\Build\Desktop/Character.bank : mode 0a010202
[LOG] SystemI::createSound                     : FMOD_NONBLOCKING specified.  Putting into queue to be opened asynchronously!
[LOG] OutputSoftware::createSample             : lengthpcm 0, lengthbytes 0, channels 0, format 0, freq 0, mode 00000000
[LOG] SystemI::createSound                     : setdata soundi = 0000000013ABA8C8 : node = 000000000FFA5260
[LOG] SystemI::createSound                     : add node to async list : head = 000000000FFB1790.  list count = 0
[LOG] AsyncThread::threadFunc                  : Starting Asynchronous operation on sound 0000000013ABA8C8
[LOG] SystemI::createSoundInternal             :     filename = Z:\School\2016 Spring\DysonSphere\Audio\Build\Desktop/Character.bank : mode 0a010202
[LOG] SystemI::createSoundInternal             :     exinfo->cbsize             = 216
[LOG] SystemI::createSoundInternal             :     exinfo->length             = 38464
[LOG] SystemI::createSoundInternal             :     exinfo->fileoffset         = 9024
[LOG] SystemI::createSoundInternal             :     exinfo->numsubsounds       = 1
[LOG] SystemI::createSoundInternal             :     exinfo->inclusionlist      = 000000000FFA5368
[LOG] SystemI::createSoundInternal             :     exinfo->inclusionlistnum   = 1
[LOG] SystemI::createSoundInternal             :     exinfo->suggestedsoundtype = 5
[LOG] SystemI::createSoundInternal             :     exinfo->initialseekpostype = 1
[LOG] SystemI::createSoundInternal             :     Format has 1 subsounds.
[LOG] SystemI::createSoundInternal             :     Create as FMOD_CREATESAMPLE
[LOG] SystemI::createSoundInternal             :     Multi-sample sound (1 subsounds), create a sample container.
[LOG] SystemI::createSoundInternal             :     creating subsound 0/1
[LOG] SystemI::createSample                    :     mode 0a010202 length 58650 samples, lengthbytes 11936
[LOG] SystemI::createSample                    :     channels = 2
[LOG] SystemI::createSample                    :     output = 0000000013ABA418
[LOG] OutputSoftware::createSample             :     lengthpcm 58650, lengthbytes 11936, channels 2, format 2, freq 48000, mode 0a01020a
[LOG] SystemI::createSoundInternal             :     done.  OpenState now = FMOD_OPENSTATE_READY.

[LOG] AsyncThread::threadFunc                  : Finished Asynchronous operation on sound 0000000013ABA8C8
[WRN] SoundSourceInstrumentInstance::startChannelIfReady : Loading delay exceeded, sound may play at incorrect time
[LOG] SoundI::release                          : (null) (0000000013ABA8C8)
[LOG] SoundI::release                          : release subsounds. (0000000013ABA8C8)
[LOG] SoundI::release                          :     (null) (0000000013ABA288)
[LOG] SoundI::release                          : release codec. (0000000013ABA8C8)
[LOG] SystemI::createSound                     : filename = Z:\School\2016 Spring\DysonSphere\Audio\Build\Desktop/Character.bank : mode 0a010202
[LOG] SystemI::createSound                     : FMOD_NONBLOCKING specified.  Putting into queue to be opened asynchronously!
[LOG] OutputSoftware::createSample             : lengthpcm 0, lengthbytes 0, channels 0, format 0, freq 0, mode 00000000
[LOG] SystemI::createSound                     : setdata soundi = 0000000013ABA288 : node = 000000000FFA58A0
[LOG] SystemI::createSound                     : add node to async list : head = 000000000FFB1790.  list count = 0
[LOG] AsyncThread::threadFunc                  : Starting Asynchronous operation on sound 0000000013ABA288
[LOG] SystemI::createSoundInternal             :     filename = Z:\School\2016 Spring\DysonSphere\Audio\Build\Desktop/Character.bank : mode 0a010202
[LOG] SystemI::createSoundInternal             :     exinfo->cbsize             = 216
[LOG] SystemI::createSoundInternal             :     exinfo->length             = 38464
[LOG] SystemI::createSoundInternal             :     exinfo->fileoffset         = 9024
[LOG] SystemI::createSoundInternal             :     exinfo->numsubsounds       = 1
[LOG] SystemI::createSoundInternal             :     exinfo->inclusionlist      = 000000000FFA59A8
[LOG] SystemI::createSoundInternal             :     exinfo->inclusionlistnum   = 1
[LOG] SystemI::createSoundInternal             :     exinfo->suggestedsoundtype = 5
[LOG] SystemI::createSoundInternal             :     exinfo->initialseekpostype = 1
[LOG] SystemI::createSoundInternal             :     Format has 1 subsounds.
[LOG] SystemI::createSoundInternal             :     Create as FMOD_CREATESAMPLE
[LOG] SystemI::createSoundInternal             :     Multi-sample sound (1 subsounds), create a sample container.
[LOG] SystemI::createSoundInternal             :     creating subsound 0/1
[LOG] SystemI::createSample                    :     mode 0a010202 length 58650 samples, lengthbytes 11936
[LOG] SystemI::createSample                    :     channels = 2
[LOG] SystemI::createSample                    :     output = 0000000013ABA418
[LOG] OutputSoftware::createSample             :     lengthpcm 58650, lengthbytes 11936, channels 2, format 2, freq 48000, mode 0a01020a
[LOG] SystemI::createSoundInternal             :     done.  OpenState now = FMOD_OPENSTATE_READY.

[LOG] AsyncThread::threadFunc                  : Finished Asynchronous operation on sound 0000000013ABA288
[WRN] SoundSourceInstrumentInstance::startChannelIfReady : Loading delay exceeded, sound may play at incorrect time
[LOG] SoundI::release                          : (null) (0000000013ABA288)
[LOG] SoundI::release                          : release subsounds. (0000000013ABA288)
[LOG] SoundI::release                          :     (null) (0000000013ABAF08)
[LOG] SoundI::release                          : release codec. (0000000013ABA288)
[LOG] SystemI::createSound                     : filename = Z:\School\2016 Spring\DysonSphere\Audio\Build\Desktop/Character.bank : mode 0a010202
[LOG] SystemI::createSound                     : FMOD_NONBLOCKING specified.  Putting into queue to be opened asynchronously!
[LOG] OutputSoftware::createSample             : lengthpcm 0, lengthbytes 0, channels 0, format 0, freq 0, mode 00000000
[LOG] SystemI::createSound                     : setdata soundi = 0000000013ABA8C8 : node = 000000000FFA5620
[LOG] SystemI::createSound                     : add node to async list : head = 000000000FFB1790.  list count = 0
[LOG] AsyncThread::threadFunc                  : Starting Asynchronous operation on sound 0000000013ABA8C8
[LOG] SystemI::createSoundInternal             :     filename = Z:\School\2016 Spring\DysonSphere\Audio\Build\Desktop/Character.bank : mode 0a010202
[LOG] SystemI::createSoundInternal             :     exinfo->cbsize             = 216
[LOG] SystemI::createSoundInternal             :     exinfo->length             = 38464
[LOG] SystemI::createSoundInternal             :     exinfo->fileoffset         = 9024
[LOG] SystemI::createSoundInternal             :     exinfo->numsubsounds       = 1
[LOG] SystemI::createSoundInternal             :     exinfo->inclusionlist      = 000000000FFA5728
[LOG] SystemI::createSoundInternal             :     exinfo->inclusionlistnum   = 1
[LOG] SystemI::createSoundInternal             :     exinfo->suggestedsoundtype = 5
[LOG] SystemI::createSoundInternal             :     exinfo->initialseekpostype = 1
[LOG] SystemI::createSoundInternal             :     Format has 1 subsounds.
[LOG] SystemI::createSoundInternal             :     Create as FMOD_CREATESAMPLE
[LOG] SystemI::createSoundInternal             :     Multi-sample sound (1 subsounds), create a sample container.
[LOG] SystemI::createSoundInternal             :     creating subsound 0/1
[LOG] SystemI::createSample                    :     mode 0a010202 length 58650 samples, lengthbytes 11936
[LOG] SystemI::createSample                    :     channels = 2
[LOG] SystemI::createSample                    :     output = 0000000013ABA418
[LOG] OutputSoftware::createSample             :     lengthpcm 58650, lengthbytes 11936, channels 2, format 2, freq 48000, mode 0a01020a
[LOG] SystemI::createSoundInternal             :     done.  OpenState now = FMOD_OPENSTATE_READY.

[LOG] AsyncThread::threadFunc                  : Finished Asynchronous operation on sound 0000000013ABA8C8
[WRN] SoundSourceInstrumentInstance::startChannelIfReady : Loading delay exceeded, sound may play at incorrect time
[LOG] SoundI::release                          : (null) (0000000013ABA8C8)
[LOG] SoundI::release                          : release subsounds. (0000000013ABA8C8)
[LOG] SoundI::release                          :     (null) (0000000013ABABE8)
[LOG] SoundI::release                          : release codec. (0000000013ABA8C8)
[LOG] SoundI::release                          : (null) (0000000013ABA738)
[LOG] SoundI::release                          : release subsounds. (0000000013ABA738)
[LOG] SoundI::release                          :     (null) (0000000013ABAD78)
[LOG] SoundI::release                          : release codec. (0000000013ABA738)
[LOG] Thread::callback                         : * FMOD Studio update thread finished
[LOG] Thread::close                            : FMOD Studio update thread thread destroyed
[LOG] Thread::callback                         : * FMOD Studio load thread finished
[LOG] Thread::close                            : FMOD Studio load thread thread destroyed
[LOG] LiveUpdate::release                      : 
[LOG] SystemI::close                           : 
[LOG] SystemI::close                           : Stop all sounds
[LOG] Thread::callback                         : * FMOD stream thread finished
[LOG] Thread::close                            : FMOD stream thread thread destroyed
[LOG] SystemI::close                           : Stream thread destroyed
[LOG] SystemI::close                           : Shut down output.
[LOG] Thread::callback                         : * FMOD (WASAPI) feeder thread finished
[LOG] Thread::close                            : FMOD (WASAPI) feeder thread thread destroyed
[LOG] Thread::callback                         : * FMOD mixer thread finished
[LOG] Thread::close                            : FMOD mixer thread thread destroyed
[LOG] SystemI::close                           : Free master channel group.
[LOG] SystemI::close                           : Remove 'master' sound group.
[LOG] SystemI::close                           : Free software output.
[LOG] SystemI::close                           : Free emulated output.
[LOG] SystemI::close                           : Free channel pool.
[LOG] SystemI::close                           : Remove miscllaneous DSP stuff.
[LOG] Global::decRef                           : Shut down streamer and FMOD_NONBLOCKING and FileSystem thread.
[LOG] Thread::callback                         : * FMOD nonblocking thread (0) finished
[LOG] Thread::close                            : FMOD nonblocking thread (0) thread destroyed
[LOG] Global::decRef                           : Shut down file system.
[LOG] SystemI::close                           : done.

